[0m16:18:05.640503 [debug] [MainThread]: Sending event: {'category': 'dbt', 'action': 'invocation', 'label': 'start', 'context': [<snowplow_tracker.self_describing_json.SelfDescribingJson object at 0x000001A1D5D71340>, <snowplow_tracker.self_describing_json.SelfDescribingJson object at 0x000001A1D5E7B5F0>, <snowplow_tracker.self_describing_json.SelfDescribingJson object at 0x000001A1D5E7BFB0>]}


============================== 16:18:05.648504 | 3a03387c-dadf-4739-8429-116975ad707d ==============================
[0m16:18:05.648504 [info ] [MainThread]: Running with dbt=1.11.7
[0m16:18:05.649503 [debug] [MainThread]: running dbt with arguments {'static_parser': 'True', 'no_print': 'None', 'version_check': 'True', 'target_path': 'None', 'warn_error_options': 'WarnErrorOptionsV2(error=[], warn=[], silence=[])', 'printer_width': '80', 'write_json': 'True', 'empty': 'None', 'log_cache_events': 'False', 'introspect': 'True', 'cache_selected_only': 'False', 'log_format': 'default', 'debug': 'False', 'fail_fast': 'False', 'partial_parse': 'True', 'send_anonymous_usage_stats': 'True', 'quiet': 'False', 'warn_error': 'None', 'profiles_dir': 'C:\\Users\\owens\\.dbt', 'use_colors': 'True', 'invocation_command': 'dbt init brawl_dbt', 'indirect_selection': 'eager', 'use_experimental_parser': 'False', 'log_path': 'logs'}
[0m16:18:05.673222 [info ] [MainThread]: Creating dbt configuration folder at C:\Users\owens\.dbt
[0m16:18:05.677164 [debug] [MainThread]: Starter project path: C:\Users\owens\BrawlTracker\venv\Lib\site-packages\dbt\include\starter_project
[0m16:18:05.726923 [info ] [MainThread]: 
Your new dbt project "brawl_dbt" was created!

For more information on how to configure the profiles.yml file,
please consult the dbt documentation here:

  https://docs.getdbt.com/docs/configure-your-profile

One more thing:

Need help? Don't hesitate to reach out to us via GitHub issues or on Slack:

  https://community.getdbt.com/

Happy modeling!

[0m16:18:05.728107 [info ] [MainThread]: Setting up your profile.
[0m16:19:03.347907 [info ] [MainThread]: Profile brawl_dbt written to C:\Users\owens\.dbt\profiles.yml using target's profile_template.yml and your supplied values. Run 'dbt debug' to validate the connection.
[0m16:19:03.348913 [debug] [MainThread]: Command `dbt init` succeeded at 16:19:03.347907 after 57.85 seconds
[0m16:19:03.348913 [debug] [MainThread]: Sending event: {'category': 'dbt', 'action': 'invocation', 'label': 'end', 'context': [<snowplow_tracker.self_describing_json.SelfDescribingJson object at 0x000001A1D3F076B0>, <snowplow_tracker.self_describing_json.SelfDescribingJson object at 0x000001A1D5D137A0>, <snowplow_tracker.self_describing_json.SelfDescribingJson object at 0x000001A1D5D11DF0>]}
[0m16:19:03.348913 [debug] [MainThread]: Flushing usage events
[0m16:19:03.956548 [debug] [MainThread]: An error was encountered while trying to flush usage events
